# JRE version: OpenJDK Runtime Environment Temurin-21.0.8+9 (21.0.8+9) (build 21.0.8+9-LTS)
# Java VM: OpenJDK 64-Bit Server VM Temurin-21.0.8+9 (21.0.8+9-LTS, mixed mode, sharing, tiered, compressed oops, compressed class ptrs, parallel gc, windows-amd64)
GC Precious Log:
 CardTable entry size: 512
 CPUs: 16 total, 16 available
 Memory: 16071M
 Large Page Support: Disabled
 NUMA Support: Disabled
 Compressed Oops: Enabled (32-bit)
 Alignments: Space 512K, Generation 512K, Heap 2M
 Heap Min Capacity: 100M
 Heap Initial Capacity: 100M
 Heap Max Capacity: 2G
 Pre-touch: Disabled
 Parallel Workers: 13
Heap:
 PSYoungGen      total 3072K, used 3040K [0x00000000d5580000, 0x00000000d5a80000, 0x0000000100000000)
  eden space 2560K, 100% used [0x00000000d5580000,0x00000000d5800000,0x00000000d5800000)
  from space 512K, 93% used [0x00000000d5a00000,0x00000000d5a78000,0x00000000d5a80000)
  to   space 1024K, 0% used [0x00000000d5880000,0x00000000d5880000,0x00000000d5980000)
 ParOldGen       total 527872K, used 226561K [0x0000000080000000, 0x00000000a0380000, 0x00000000d5580000)
  object space 527872K, 42% used [0x0000000080000000,0x000000008dd40660,0x00000000a0380000)
 Metaspace       used 101267K, committed 103104K, reserved 1179648K
  class space    used 9589K, committed 10432K, reserved 1048576K
GC Heap History (20 events):
Event: 929.169 GC heap before
{Heap before GC invocations=1142 (full 5):
 PSYoungGen      total 3072K, used 3040K [0x00000000d5580000, 0x00000000d5a00000, 0x0000000100000000)
  eden space 2560K, 100% used [0x00000000d5580000,0x00000000d5800000,0x00000000d5800000)
  from space 512K, 93% used [0x00000000d5980000,0x00000000d59f8000,0x00000000d5a00000)
  to   space 512K, 0% used [0x00000000d5900000,0x00000000d5900000,0x00000000d5980000)
 ParOldGen       total 527872K, used 215979K [0x0000000080000000, 0x00000000a0380000, 0x00000000d5580000)
  object space 527872K, 40% used [0x0000000080000000,0x000000008d2eafa8,0x00000000a0380000)
 Metaspace       used 101266K, committed 103104K, reserved 1179648K
  class space    used 9589K, committed 10432K, reserved 1048576K
}
Event: 929.171 GC heap after
{Heap after GC invocations=1142 (full 5):
 PSYoungGen      total 3072K, used 496K [0x00000000d5580000, 0x00000000d5a00000, 0x0000000100000000)
  eden space 2560K, 0% used [0x00000000d5580000,0x00000000d5580000,0x00000000d5800000)
  from space 512K, 97% used [0x00000000d5900000,0x00000000d597c2e8,0x00000000d5980000)
  to   space 512K, 0% used [0x00000000d5980000,0x00000000d5980000,0x00000000d5a00000)
 ParOldGen       total 527872K, used 216946K [0x0000000080000000, 0x00000000a0380000, 0x00000000d5580000)
  object space 527872K, 41% used [0x0000000080000000,0x000000008d3dca00,0x00000000a0380000)
 Metaspace       used 101266K, committed 103104K, reserved 1179648K
  class space    used 9589K, committed 10432K, reserved 1048576K
}
Event: 929.185 GC heap before
{Heap before GC invocations=1143 (full 5):
 PSYoungGen      total 3072K, used 3056K [0x00000000d5580000, 0x00000000d5a00000, 0x0000000100000000)
  eden space 2560K, 100% used [0x00000000d5580000,0x00000000d5800000,0x00000000d5800000)
  from space 512K, 97% used [0x00000000d5900000,0x00000000d597c2e8,0x00000000d5980000)
  to   space 512K, 0% used [0x00000000d5980000,0x00000000d5980000,0x00000000d5a00000)
 ParOldGen       total 527872K, used 216946K [0x0000000080000000, 0x00000000a0380000, 0x00000000d5580000)
  object space 527872K, 41% used [0x0000000080000000,0x000000008d3dca00,0x00000000a0380000)
 Metaspace       used 101266K, committed 103104K, reserved 1179648K
  class space    used 9589K, committed 10432K, reserved 1048576K
}
Event: 929.198 GC heap after
{Heap after GC invocations=1143 (full 5):
 PSYoungGen      total 3072K, used 480K [0x00000000d5580000, 0x00000000d5b00000, 0x0000000100000000)
  eden space 2560K, 0% used [0x00000000d5580000,0x00000000d5580000,0x00000000d5800000)
  from space 512K, 93% used [0x00000000d5980000,0x00000000d59f82b0,0x00000000d5a00000)
  to   space 1536K, 0% used [0x00000000d5800000,0x00000000d5800000,0x00000000d5980000)
 ParOldGen       total 527872K, used 217798K [0x0000000080000000, 0x00000000a0380000, 0x00000000d5580000)
  object space 527872K, 41% used [0x0000000080000000,0x000000008d4b1ba0,0x00000000a0380000)
 Metaspace       used 101266K, committed 103104K, reserved 1179648K
  class space    used 9589K, committed 10432K, reserved 1048576K
}
Event: 929.510 GC heap before
{Heap before GC invocations=1144 (full 5):
 PSYoungGen      total 3072K, used 2744K [0x00000000d5580000, 0x00000000d5b00000, 0x0000000100000000)
  eden space 2560K, 88% used [0x00000000d5580000,0x00000000d57b6058,0x00000000d5800000)
  from space 512K, 93% used [0x00000000d5980000,0x00000000d59f82b0,0x00000000d5a00000)
  to   space 1536K, 0% used [0x00000000d5800000,0x00000000d5800000,0x00000000d5980000)
 ParOldGen       total 527872K, used 217798K [0x0000000080000000, 0x00000000a0380000, 0x00000000d5580000)
  object space 527872K, 41% used [0x0000000080000000,0x000000008d4b1ba0,0x00000000a0380000)
 Metaspace       used 101266K, committed 103104K, reserved 1179648K
  class space    used 9589K, committed 10432K, reserved 1048576K
}
Event: 929.513 GC heap after
{Heap after GC invocations=1144 (full 5):
 PSYoungGen      total 3072K, used 448K [0x00000000d5580000, 0x00000000d5a00000, 0x0000000100000000)
  eden space 2560K, 0% used [0x00000000d5580000,0x00000000d5580000,0x00000000d5800000)
  from space 512K, 87% used [0x00000000d5800000,0x00000000d5870000,0x00000000d5880000)
  to   space 1024K, 0% used [0x00000000d5900000,0x00000000d5900000,0x00000000d5a00000)
 ParOldGen       total 527872K, used 218231K [0x0000000080000000, 0x00000000a0380000, 0x00000000d5580000)
  object space 527872K, 41% used [0x0000000080000000,0x000000008d51de90,0x00000000a0380000)
 Metaspace       used 101266K, committed 103104K, reserved 1179648K
  class space    used 9589K, committed 10432K, reserved 1048576K
}
Event: 929.531 GC heap before
{Heap before GC invocations=1145 (full 5):
 PSYoungGen      total 3072K, used 2891K [0x00000000d5580000, 0x00000000d5a00000, 0x0000000100000000)
  eden space 2560K, 95% used [0x00000000d5580000,0x00000000d57e2ea0,0x00000000d5800000)
  from space 512K, 87% used [0x00000000d5800000,0x00000000d5870000,0x00000000d5880000)
  to   space 1024K, 0% used [0x00000000d5900000,0x00000000d5900000,0x00000000d5a00000)
 ParOldGen       total 527872K, used 218231K [0x0000000080000000, 0x00000000a0380000, 0x00000000d5580000)
  object space 527872K, 41% used [0x0000000080000000,0x000000008d51de90,0x00000000a0380000)
 Metaspace       used 101267K, committed 103104K, reserved 1179648K
  class space    used 9589K, committed 10432K, reserved 1048576K
}
Event: 929.533 GC heap after
{Heap after GC invocations=1145 (full 5):
 PSYoungGen      total 3072K, used 384K [0x00000000d5580000, 0x00000000d5980000, 0x0000000100000000)
  eden space 2560K, 0% used [0x00000000d5580000,0x00000000d5580000,0x00000000d5800000)
  from space 512K, 75% used [0x00000000d5900000,0x00000000d5960000,0x00000000d5980000)
  to   space 512K, 0% used [0x00000000d5800000,0x00000000d5800000,0x00000000d5880000)
 ParOldGen       total 527872K, used 218455K [0x0000000080000000, 0x00000000a0380000, 0x00000000d5580000)
  object space 527872K, 41% used [0x0000000080000000,0x000000008d555e90,0x00000000a0380000)
 Metaspace       used 101267K, committed 103104K, reserved 1179648K
  class space    used 9589K, committed 10432K, reserved 1048576K
}
Event: 929.550 GC heap before
{Heap before GC invocations=1146 (full 5):
 PSYoungGen      total 3072K, used 2899K [0x00000000d5580000, 0x00000000d5980000, 0x0000000100000000)
  eden space 2560K, 98% used [0x00000000d5580000,0x00000000d57f4e68,0x00000000d5800000)
  from space 512K, 75% used [0x00000000d5900000,0x00000000d5960000,0x00000000d5980000)
  to   space 512K, 0% used [0x00000000d5800000,0x00000000d5800000,0x00000000d5880000)
 ParOldGen       total 527872K, used 218455K [0x0000000080000000, 0x00000000a0380000, 0x00000000d5580000)
  object space 527872K, 41% used [0x0000000080000000,0x000000008d555e90,0x00000000a0380000)
 Metaspace       used 101267K, committed 103104K, reserved 1179648K
  class space    used 9589K, committed 10432K, reserved 1048576K
}
Event: 929.551 GC heap after
{Heap after GC invocations=1146 (full 5):
 PSYoungGen      total 3072K, used 352K [0x00000000d5580000, 0x00000000d5980000, 0x0000000100000000)
  eden space 2560K, 0% used [0x00000000d5580000,0x00000000d5580000,0x00000000d5800000)
  from space 512K, 68% used [0x00000000d5800000,0x00000000d5858000,0x00000000d5880000)
  to   space 512K, 0% used [0x00000000d5900000,0x00000000d5900000,0x00000000d5980000)
 ParOldGen       total 527872K, used 220088K [0x0000000080000000, 0x00000000a0380000, 0x00000000d5580000)
  object space 527872K, 41% used [0x0000000080000000,0x000000008d6ee1d0,0x00000000a0380000)
 Metaspace       used 101267K, committed 103104K, reserved 1179648K
  class space    used 9589K, committed 10432K, reserved 1048576K
}
Event: 929.840 GC heap before
{Heap before GC invocations=1147 (full 5):
 PSYoungGen      total 3072K, used 2354K [0x00000000d5580000, 0x00000000d5980000, 0x0000000100000000)
  eden space 2560K, 78% used [0x00000000d5580000,0x00000000d5774bd0,0x00000000d5800000)
  from space 512K, 68% used [0x00000000d5800000,0x00000000d5858000,0x00000000d5880000)
  to   space 512K, 0% used [0x00000000d5900000,0x00000000d5900000,0x00000000d5980000)
 ParOldGen       total 527872K, used 220088K [0x0000000080000000, 0x00000000a0380000, 0x00000000d5580000)
  object space 527872K, 41% used [0x0000000080000000,0x000000008d6ee1d0,0x00000000a0380000)
 Metaspace       used 101267K, committed 103104K, reserved 1179648K
  class space    used 9589K, committed 10432K, reserved 1048576K
}
Event: 929.845 GC heap after
{Heap after GC invocations=1147 (full 5):
 PSYoungGen      total 3072K, used 320K [0x00000000d5580000, 0x00000000d5980000, 0x0000000100000000)
  eden space 2560K, 0% used [0x00000000d5580000,0x00000000d5580000,0x00000000d5800000)
  from space 512K, 62% used [0x00000000d5900000,0x00000000d5950000,0x00000000d5980000)
  to   space 512K, 0% used [0x00000000d5800000,0x00000000d5800000,0x00000000d5880000)
 ParOldGen       total 527872K, used 220184K [0x0000000080000000, 0x00000000a0380000, 0x00000000d5580000)
  object space 527872K, 41% used [0x0000000080000000,0x000000008d7061d0,0x00000000a0380000)
 Metaspace       used 101267K, committed 103104K, reserved 1179648K
  class space    used 9589K, committed 10432K, reserved 1048576K
}
Event: 930.137 GC heap before
{Heap before GC invocations=1148 (full 5):
 PSYoungGen      total 3072K, used 2356K [0x00000000d5580000, 0x00000000d5980000, 0x0000000100000000)
  eden space 2560K, 79% used [0x00000000d5580000,0x00000000d577d3b0,0x00000000d5800000)
  from space 512K, 62% used [0x00000000d5900000,0x00000000d5950000,0x00000000d5980000)
  to   space 512K, 0% used [0x00000000d5800000,0x00000000d5800000,0x00000000d5880000)
 ParOldGen       total 527872K, used 220184K [0x0000000080000000, 0x00000000a0380000, 0x00000000d5580000)
  object space 527872K, 41% used [0x0000000080000000,0x000000008d7061d0,0x00000000a0380000)
 Metaspace       used 101267K, committed 103104K, reserved 1179648K
  class space    used 9589K, committed 10432K, reserved 1048576K
}
Event: 930.139 GC heap after
{Heap after GC invocations=1148 (full 5):
 PSYoungGen      total 3072K, used 384K [0x00000000d5580000, 0x00000000d5980000, 0x0000000100000000)
  eden space 2560K, 0% used [0x00000000d5580000,0x00000000d5580000,0x00000000d5800000)
  from space 512K, 75% used [0x00000000d5800000,0x00000000d5860000,0x00000000d5880000)
  to   space 512K, 0% used [0x00000000d5900000,0x00000000d5900000,0x00000000d5980000)
 ParOldGen       total 527872K, used 220288K [0x0000000080000000, 0x00000000a0380000, 0x00000000d5580000)
  object space 527872K, 41% used [0x0000000080000000,0x000000008d7201d0,0x00000000a0380000)
 Metaspace       used 101267K, committed 103104K, reserved 1179648K
  class space    used 9589K, committed 10432K, reserved 1048576K
}
Event: 930.514 GC heap before
{Heap before GC invocations=1149 (full 5):
 PSYoungGen      total 3072K, used 2590K [0x00000000d5580000, 0x00000000d5980000, 0x0000000100000000)
  eden space 2560K, 86% used [0x00000000d5580000,0x00000000d57a79a0,0x00000000d5800000)
  from space 512K, 75% used [0x00000000d5800000,0x00000000d5860000,0x00000000d5880000)
  to   space 512K, 0% used [0x00000000d5900000,0x00000000d5900000,0x00000000d5980000)
 ParOldGen       total 527872K, used 220288K [0x0000000080000000, 0x00000000a0380000, 0x00000000d5580000)
  object space 527872K, 41% used [0x0000000080000000,0x000000008d7201d0,0x00000000a0380000)
 Metaspace       used 101267K, committed 103104K, reserved 1179648K
  class space    used 9589K, committed 10432K, reserved 1048576K
}
Event: 930.515 GC heap after
{Heap after GC invocations=1149 (full 5):
 PSYoungGen      total 3072K, used 384K [0x00000000d5580000, 0x00000000d5980000, 0x0000000100000000)
  eden space 2560K, 0% used [0x00000000d5580000,0x00000000d5580000,0x00000000d5800000)
  from space 512K, 75% used [0x00000000d5900000,0x00000000d5960000,0x00000000d5980000)
  to   space 512K, 0% used [0x00000000d5800000,0x00000000d5800000,0x00000000d5880000)
 ParOldGen       total 527872K, used 220384K [0x0000000080000000, 0x00000000a0380000, 0x00000000d5580000)
  object space 527872K, 41% used [0x0000000080000000,0x000000008d7381e0,0x00000000a0380000)
 Metaspace       used 101267K, committed 103104K, reserved 1179648K
  class space    used 9589K, committed 10432K, reserved 1048576K
}
Event: 930.673 GC heap before
{Heap before GC invocations=1150 (full 5):
 PSYoungGen      total 3072K, used 2590K [0x00000000d5580000, 0x00000000d5980000, 0x0000000100000000)
  eden space 2560K, 86% used [0x00000000d5580000,0x00000000d57a7a68,0x00000000d5800000)
  from space 512K, 75% used [0x00000000d5900000,0x00000000d5960000,0x00000000d5980000)
  to   space 512K, 0% used [0x00000000d5800000,0x00000000d5800000,0x00000000d5880000)
 ParOldGen       total 527872K, used 220384K [0x0000000080000000, 0x00000000a0380000, 0x00000000d5580000)
  object space 527872K, 41% used [0x0000000080000000,0x000000008d7381e0,0x00000000a0380000)
 Metaspace       used 101267K, committed 103104K, reserved 1179648K
  class space    used 9589K, committed 10432K, reserved 1048576K
}
Event: 930.674 GC heap after
{Heap after GC invocations=1150 (full 5):
 PSYoungGen      total 3072K, used 448K [0x00000000d5580000, 0x00000000d5980000, 0x0000000100000000)
  eden space 2560K, 0% used [0x00000000d5580000,0x00000000d5580000,0x00000000d5800000)
  from space 512K, 87% used [0x00000000d5800000,0x00000000d5870000,0x00000000d5880000)
  to   space 512K, 0% used [0x00000000d5900000,0x00000000d5900000,0x00000000d5980000)
 ParOldGen       total 527872K, used 220504K [0x0000000080000000, 0x00000000a0380000, 0x00000000d5580000)
  object space 527872K, 41% used [0x0000000080000000,0x000000008d7561e0,0x00000000a0380000)
 Metaspace       used 101267K, committed 103104K, reserved 1179648K
  class space    used 9589K, committed 10432K, reserved 1048576K
}
Event: 930.824 GC heap before
{Heap before GC invocations=1151 (full 5):
 PSYoungGen      total 3072K, used 2613K [0x00000000d5580000, 0x00000000d5980000, 0x0000000100000000)
  eden space 2560K, 84% used [0x00000000d5580000,0x00000000d579d6e8,0x00000000d5800000)
  from space 512K, 87% used [0x00000000d5800000,0x00000000d5870000,0x00000000d5880000)
  to   space 512K, 0% used [0x00000000d5900000,0x00000000d5900000,0x00000000d5980000)
 ParOldGen       total 527872K, used 220504K [0x0000000080000000, 0x00000000a0380000, 0x00000000d5580000)
  object space 527872K, 41% used [0x0000000080000000,0x000000008d7561e0,0x00000000a0380000)
 Metaspace       used 101267K, committed 103104K, reserved 1179648K
  class space    used 9589K, committed 10432K, reserved 1048576K
}
Event: 930.826 GC heap after
{Heap after GC invocations=1151 (full 5):
 PSYoungGen      total 3072K, used 416K [0x00000000d5580000, 0x00000000d5980000, 0x0000000100000000)
  eden space 2560K, 0% used [0x00000000d5580000,0x00000000d5580000,0x00000000d5800000)
  from space 512K, 81% used [0x00000000d5900000,0x00000000d5968000,0x00000000d5980000)
  to   space 512K, 0% used [0x00000000d5800000,0x00000000d5800000,0x00000000d5880000)
 ParOldGen       total 527872K, used 220708K [0x0000000080000000, 0x00000000a0380000, 0x00000000d5580000)
  object space 527872K, 41% used [0x0000000080000000,0x000000008d789310,0x00000000a0380000)
 Metaspace       used 101267K, committed 103104K, reserved 1179648K
  class space    used 9589K, committed 10432K, reserved 1048576K
}

